Total nodes: 50
Total nodes: 50
Total nodes: 50
Total nodes: 50
Total nodes: 50
Total nodes: 50
Total nodes: 50
Total nodes: 50
k2 result: -540895.946659629
k2 result: -541947.4575594878
k2 result: -536828.2393333821
k2 result: -542542.9841868136
k2 result: -536437.5454292034
k2 result: -532513.5690694134
k2 result: -532279.6201602615
k2 result: -527182.6681215006
Best K2 Result: -527182.6681215006
ols result: -516798.93194680224

==============================
Final Bayesian Score: -516798.93194680224
4:29:27.126679
